# JRE version: Java(TM) SE Runtime Environment (8.0_102-b14) (build 1.8.0_102-b14)
# Java VM: Java HotSpot(TM) 64-Bit Server VM (25.102-b14 mixed mode windows-amd64 compressed oops)
Heap:
 PSYoungGen      total 58880K, used 45504K [0x00000000d5980000, 0x00000000d9f00000, 0x0000000100000000)
  eden space 49664K, 91% used [0x00000000d5980000,0x00000000d85f02e0,0x00000000d8a00000)
  from space 9216K, 0% used [0x00000000d9400000,0x00000000d9400000,0x00000000d9d00000)
  to   space 10240K, 0% used [0x00000000d8a00000,0x00000000d8a00000,0x00000000d9400000)
 ParOldGen       total 60416K, used 13513K [0x0000000080c00000, 0x0000000084700000, 0x00000000d5980000)
  object space 60416K, 22% used [0x0000000080c00000,0x0000000081932720,0x0000000084700000)
 Metaspace       used 36867K, capacity 37226K, committed 37632K, reserved 1083392K
  class space    used 4381K, capacity 4501K, committed 4608K, reserved 1048576K
GC Heap History (10 events):
Event: 6.694 GC heap before
{Heap before GC invocations=4 (full 1):
 PSYoungGen      total 38400K, used 5096K [0x00000000d5980000, 0x00000000d8400000, 0x0000000100000000)
  eden space 33280K, 0% used [0x00000000d5980000,0x00000000d5980000,0x00000000d7a00000)
  from space 5120K, 99% used [0x00000000d7a00000,0x00000000d7efa020,0x00000000d7f00000)
  to   space 5120K, 0% used [0x00000000d7f00000,0x00000000d7f00000,0x00000000d8400000)
 ParOldGen       total 87552K, used 6892K [0x0000000080c00000, 0x0000000086180000, 0x00000000d5980000)
  object space 87552K, 7% used [0x0000000080c00000,0x00000000812bb038,0x0000000086180000)
 Metaspace       used 20693K, capacity 20974K, committed 21248K, reserved 1069056K
  class space    used 2371K, capacity 2485K, committed 2560K, reserved 1048576K
Event: 6.737 GC heap after
Heap after GC invocations=4 (full 1):
 PSYoungGen      total 38400K, used 0K [0x00000000d5980000, 0x00000000d8400000, 0x0000000100000000)
  eden space 33280K, 0% used [0x00000000d5980000,0x00000000d5980000,0x00000000d7a00000)
  from space 5120K, 0% used [0x00000000d7a00000,0x00000000d7a00000,0x00000000d7f00000)
  to   space 5120K, 0% used [0x00000000d7f00000,0x00000000d7f00000,0x00000000d8400000)
 ParOldGen       total 60416K, used 7518K [0x0000000080c00000, 0x0000000084700000, 0x00000000d5980000)
  object space 60416K, 12% used [0x0000000080c00000,0x0000000081357bb8,0x0000000084700000)
 Metaspace       used 20693K, capacity 20974K, committed 21248K, reserved 1069056K
  class space    used 2371K, capacity 2485K, committed 2560K, reserved 1048576K
}
Event: 7.321 GC heap before
{Heap before GC invocations=5 (full 1):
 PSYoungGen      total 38400K, used 33280K [0x00000000d5980000, 0x00000000d8400000, 0x0000000100000000)
  eden space 33280K, 100% used [0x00000000d5980000,0x00000000d7a00000,0x00000000d7a00000)
  from space 5120K, 0% used [0x00000000d7a00000,0x00000000d7a00000,0x00000000d7f00000)
  to   space 5120K, 0% used [0x00000000d7f00000,0x00000000d7f00000,0x00000000d8400000)
 ParOldGen       total 60416K, used 7518K [0x0000000080c00000, 0x0000000084700000, 0x00000000d5980000)
  object space 60416K, 12% used [0x0000000080c00000,0x0000000081357bb8,0x0000000084700000)
 Metaspace       used 24422K, capacity 24704K, committed 24960K, reserved 1071104K
  class space    used 2840K, capacity 2936K, committed 2944K, reserved 1048576K
Event: 7.325 GC heap after
Heap after GC invocations=5 (full 1):
 PSYoungGen      total 38400K, used 3325K [0x00000000d5980000, 0x00000000d9500000, 0x0000000100000000)
  eden space 33280K, 0% used [0x00000000d5980000,0x00000000d5980000,0x00000000d7a00000)
  from space 5120K, 64% used [0x00000000d7f00000,0x00000000d823f4d0,0x00000000d8400000)
  to   space 5120K, 0% used [0x00000000d7a00000,0x00000000d7a00000,0x00000000d7f00000)
 ParOldGen       total 60416K, used 7526K [0x0000000080c00000, 0x0000000084700000, 0x00000000d5980000)
  object space 60416K, 12% used [0x0000000080c00000,0x0000000081359bb8,0x0000000084700000)
 Metaspace       used 24422K, capacity 24704K, committed 24960K, reserved 1071104K
  class space    used 2840K, capacity 2936K, committed 2944K, reserved 1048576K
}
Event: 7.999 GC heap before
{Heap before GC invocations=6 (full 1):
 PSYoungGen      total 38400K, used 36605K [0x00000000d5980000, 0x00000000d9500000, 0x0000000100000000)
  eden space 33280K, 100% used [0x00000000d5980000,0x00000000d7a00000,0x00000000d7a00000)
  from space 5120K, 64% used [0x00000000d7f00000,0x00000000d823f4d0,0x00000000d8400000)
  to   space 5120K, 0% used [0x00000000d7a00000,0x00000000d7a00000,0x00000000d7f00000)
 ParOldGen       total 60416K, used 7526K [0x0000000080c00000, 0x0000000084700000, 0x00000000d5980000)
  object space 60416K, 12% used [0x0000000080c00000,0x0000000081359bb8,0x0000000084700000)
 Metaspace       used 27952K, capacity 28262K, committed 28800K, reserved 1075200K
  class space    used 3228K, capacity 3353K, committed 3456K, reserved 1048576K
Event: 8.004 GC heap after
Heap after GC invocations=6 (full 1):
 PSYoungGen      total 38400K, used 5091K [0x00000000d5980000, 0x00000000d9d00000, 0x0000000100000000)
  eden space 33280K, 0% used [0x00000000d5980000,0x00000000d5980000,0x00000000d7a00000)
  from space 5120K, 99% used [0x00000000d7a00000,0x00000000d7ef8d78,0x00000000d7f00000)
  to   space 9216K, 0% used [0x00000000d9400000,0x00000000d9400000,0x00000000d9d00000)
 ParOldGen       total 60416K, used 7944K [0x0000000080c00000, 0x0000000084700000, 0x00000000d5980000)
  object space 60416K, 13% used [0x0000000080c00000,0x00000000813c21c8,0x0000000084700000)
 Metaspace       used 27952K, capacity 28262K, committed 28800K, reserved 1075200K
  class space    used 3228K, capacity 3353K, committed 3456K, reserved 1048576K
}
Event: 8.690 GC heap before
{Heap before GC invocations=7 (full 1):
 PSYoungGen      total 38400K, used 34868K [0x00000000d5980000, 0x00000000d9d00000, 0x0000000100000000)
  eden space 33280K, 89% used [0x00000000d5980000,0x00000000d76943b8,0x00000000d7a00000)
  from space 5120K, 99% used [0x00000000d7a00000,0x00000000d7ef8d78,0x00000000d7f00000)
  to   space 9216K, 0% used [0x00000000d9400000,0x00000000d9400000,0x00000000d9d00000)
 ParOldGen       total 60416K, used 7944K [0x0000000080c00000, 0x0000000084700000, 0x00000000d5980000)
  object space 60416K, 13% used [0x0000000080c00000,0x00000000813c21c8,0x0000000084700000)
 Metaspace       used 31287K, capacity 31634K, committed 32000K, reserved 1077248K
  class space    used 3681K, capacity 3789K, committed 3840K, reserved 1048576K
Event: 8.698 GC heap after
Heap after GC invocations=7 (full 1):
 PSYoungGen      total 58880K, used 8257K [0x00000000d5980000, 0x00000000d9f00000, 0x0000000100000000)
  eden space 49664K, 0% used [0x00000000d5980000,0x00000000d5980000,0x00000000d8a00000)
  from space 9216K, 89% used [0x00000000d9400000,0x00000000d9c10718,0x00000000d9d00000)
  to   space 10240K, 0% used [0x00000000d8a00000,0x00000000d8a00000,0x00000000d9400000)
 ParOldGen       total 60416K, used 7952K [0x0000000080c00000, 0x0000000084700000, 0x00000000d5980000)
  object space 60416K, 13% used [0x0000000080c00000,0x00000000813c41c8,0x0000000084700000)
 Metaspace       used 31287K, capacity 31634K, committed 32000K, reserved 1077248K
  class space    used 3681K, capacity 3789K, committed 3840K, reserved 1048576K
}
Event: 8.698 GC heap before
{Heap before GC invocations=8 (full 2):
 PSYoungGen      total 58880K, used 8257K [0x00000000d5980000, 0x00000000d9f00000, 0x0000000100000000)
  eden space 49664K, 0% used [0x00000000d5980000,0x00000000d5980000,0x00000000d8a00000)
  from space 9216K, 89% used [0x00000000d9400000,0x00000000d9c10718,0x00000000d9d00000)
  to   space 10240K, 0% used [0x00000000d8a00000,0x00000000d8a00000,0x00000000d9400000)
 ParOldGen       total 60416K, used 7952K [0x0000000080c00000, 0x0000000084700000, 0x00000000d5980000)
  object space 60416K, 13% used [0x0000000080c00000,0x00000000813c41c8,0x0000000084700000)
 Metaspace       used 31287K, capacity 31634K, committed 32000K, reserved 1077248K
  class space    used 3681K, capacity 3789K, committed 3840K, reserved 1048576K
Event: 8.763 GC heap after
Heap after GC invocations=8 (full 2):
 PSYoungGen      total 58880K, used 0K [0x00000000d5980000, 0x00000000d9f00000, 0x0000000100000000)
  eden space 49664K, 0% used [0x00000000d5980000,0x00000000d5980000,0x00000000d8a00000)
  from space 9216K, 0% used [0x00000000d9400000,0x00000000d9400000,0x00000000d9d00000)
  to   space 10240K, 0% used [0x00000000d8a00000,0x00000000d8a00000,0x00000000d9400000)
 ParOldGen       total 60416K, used 13513K [0x0000000080c00000, 0x0000000084700000, 0x00000000d5980000)
  object space 60416K, 22% used [0x0000000080c00000,0x0000000081932720,0x0000000084700000)
 Metaspace       used 31287K, capacity 31634K, committed 32000K, reserved 1077248K
  class space    used 3681K, capacity 3789K, committed 3840K, reserved 1048576K
}

